DiagnosticsPlugin.exe Information: 0 : [06.06.2024 09:50:12] Starting DiagnosticPlugin.exe DiagnosticPlugin-ShutdownEvent DiagnosticPlugin-TotalShutdownEvent -wadVer1v5
DiagnosticsPlugin.exe Error: 0 : [06.06.2024 09:50:12] Failed to save IIS Directory state
DiagnosticsPlugin.exe Error: 0 : [06.06.2024 09:50:12] System.Runtime.InteropServices.COMException (0x80040154): Retrieving the COM class factory for component with CLSID {2B72133B-3F5B-4602-8952-803546CE3344} failed due to the following error: 80040154 Class not registered (Exception from HRESULT: 0x80040154 (REGDB_E_CLASSNOTREG)).
   at System.Runtime.Remoting.RemotingServices.AllocateUninitializedObject(RuntimeType objectType)
   at System.Runtime.Remoting.Activation.ActivationServices.CreateInstance(RuntimeType serverType)
   at System.Runtime.Remoting.Activation.ActivationServices.IsCurrentContextOK(RuntimeType serverType, Object[] props, Boolean bNewObj)
   at System.RuntimeTypeHandle.CreateInstance(RuntimeType type, Boolean publicOnly, Boolean noCheck, Boolean& canBeCached, RuntimeMethodHandleInternal& ctor, Boolean& bNeedSecurityCheck)
   at System.RuntimeType.CreateInstanceSlow(Boolean publicOnly, Boolean skipCheckThis, Boolean fillCache, StackCrawlMark& stackMark)
   at System.Activator.CreateInstance[T]()
   at Microsoft.Web.Administration.ConfigurationManager.CreateAdminManager[TClass,TInterface](WebConfigurationMap webConfigMap, Boolean isAdminConfig, Boolean isRedirectionConfig)
   at Microsoft.Web.Administration.ConfigurationManager.CreateWritableAdminManager(WebConfigurationMap webConfigMap, String configPathToEdit, Boolean isAdminConfig, Boolean isRedirectionConfig)
   at Microsoft.Web.Administration.ConfigurationManager.CreateConfiguration(WebConfigurationMap configMap, String configPathToEdit, Boolean isAdminConfig, Boolean isRedirectionConfig)
   at Microsoft.Web.Administration.ConfigurationManager.GetConfiguration(String rawConfigurationPath, String cacheKey, Boolean isAdminConfig, Boolean isRedirectionConfig)
   at Microsoft.Web.Administration.ConfigurationManager.GetApplicationHostConfiguration()
   at Microsoft.Web.Administration.ServerManager.SitesSectionCreator()
   at Microsoft.Web.Administration.Lazy.Initialize[T](T& target, CreateInstanceDelegate`1 valueFactory)
   at Microsoft.Web.Administration.ServerManager.SitesCollectionCreator()
   at Microsoft.Web.Administration.Lazy.Initialize[T](T& target, CreateInstanceDelegate`1 valueFactory)
   at Microsoft.Azure.Plugins.Plugin.DiagnosticsPluginManager.SaveIISDirectoryState()
DiagnosticsPlugin.exe Information: 0 : [06.06.2024 09:50:12] Starting DiagnosticsPlugin
DiagnosticsPlugin.exe Information: 0 : [06.06.2024 09:50:12] Emulator config file set to C:\Users\Robert\source\repos\KSR_12\AzureCloudService1\csx\Debug\roles\WorkerRole2\approot\diagnostics.wadcfgx
DiagnosticsPlugin.exe Information: 0 : [06.06.2024 09:50:12] DiagnosticsStoreRootPath set to: C:\Users\Robert\AppData\Local\dftmp\Resources\6260fa2b-9054-4d2c-824a-7351ca858287
DiagnosticsPlugin.exe Information: 0 : [06.06.2024 09:50:12] Loading config file: C:\Users\Robert\source\repos\KSR_12\AzureCloudService1\csx\Debug\roles\WorkerRole2\approot\diagnostics.wadcfgx
DiagnosticsPlugin.exe Information: 0 : [06.06.2024 09:50:12] Config file to read: C:\Users\Robert\source\repos\KSR_12\AzureCloudService1\csx\Debug\roles\WorkerRole2\approot\diagnostics.wadcfgx
DiagnosticsPlugin.exe Information: 0 : [06.06.2024 09:50:12] Checking VM Type
DiagnosticsPlugin.exe Information: 0 : [06.06.2024 09:50:12] Emulator config file set to C:\Users\Robert\source\repos\KSR_12\AzureCloudService1\csx\Debug\roles\WorkerRole2\approot\diagnostics.wadcfgx
DiagnosticsPlugin.exe Information: 0 : [06.06.2024 09:50:12] Extension set to Emulator Mode
DiagnosticsPlugin.exe Information: 0 : [06.06.2024 09:50:12] Reading XML configuration file
DiagnosticsPlugin.exe Information: 0 : [06.06.2024 09:50:12] Bypassing private config decryption
DiagnosticsPlugin.exe Information: 0 : [06.06.2024 09:50:12] WadCfg is provided in initial configuration. Using that to initialize Diagnostics.
DiagnosticsPlugin.exe Information: 0 : [06.06.2024 09:50:12] <PublicConfig xmlns="http://schemas.microsoft.com/ServiceHosting/2010/10/DiagnosticsConfiguration">
  <WadCfg>
    <DiagnosticMonitorConfiguration overallQuotaInMB="4096">
      <DiagnosticInfrastructureLogs scheduledTransferLogLevelFilter="Error" />
      <Logs scheduledTransferPeriod="PT1M" scheduledTransferLogLevelFilter="Error" />
      <Directories scheduledTransferPeriod="PT1M">
        <IISLogs containerName="wad-iis-logfiles" />
        <FailedRequestLogs containerName="wad-failedrequestlogs" />
      </Directories>
      <WindowsEventLog scheduledTransferPeriod="PT1M">
        <DataSource name="Application!*[System[(Level=1 or Level=2 or Level=3)]]" />
        <DataSource name="Windows Azure!*[System[(Level=1 or Level=2 or Level=3 or Level=4)]]" />
      </WindowsEventLog>
      <CrashDumps containerName="wad-crashdumps" dumpType="Mini">
        <CrashDumpConfiguration processName="WaIISHost.exe" />
        <CrashDumpConfiguration processName="WaWorkerHost.exe" />
        <CrashDumpConfiguration processName="w3wp.exe" />
      </CrashDumps>
      <PerformanceCounters scheduledTransferPeriod="PT1M">
        <PerformanceCounterConfiguration counterSpecifier="\Memory\Available MBytes" sampleRate="PT3M" />
        <PerformanceCounterConfiguration counterSpecifier="\Web Service(_Total)\ISAPI Extension Requests/sec" sampleRate="PT3M" />
        <PerformanceCounterConfiguration counterSpecifier="\Web Service(_Total)\Bytes Total/Sec" sampleRate="PT3M" />
        <PerformanceCounterConfiguration counterSpecifier="\ASP.NET Applications(__Total__)\Requests/Sec" sampleRate="PT3M" />
        <PerformanceCounterConfiguration counterSpecifier="\ASP.NET Applications(__Total__)\Errors Total/Sec" sampleRate="PT3M" />
        <PerformanceCounterConfiguration counterSpecifier="\ASP.NET\Requests Queued" sampleRate="PT3M" />
        <PerformanceCounterConfiguration counterSpecifier="\ASP.NET\Requests Rejected" sampleRate="PT3M" />
        <PerformanceCounterConfiguration counterSpecifier="\Processor(_Total)\% Processor Time" sampleRate="PT3M" />
      </PerformanceCounters>
    </DiagnosticMonitorConfiguration>
  </WadCfg>
  <StorageAccount>devstoreaccount1</StorageAccount>
</PublicConfig>
DiagnosticsPlugin.exe Information: 0 : [06.06.2024 09:50:12] Private setting is loaded
DiagnosticsPlugin.exe Information: 0 : [06.06.2024 09:50:12] Is config json/xml loaded
DiagnosticsPlugin.exe Information: 0 : [06.06.2024 09:50:12] Checking if configuration needs to be fetched from the storage account and doing so if needed.
